[INFO] Scanning for projects...
[INFO] 
[INFO] -----------------< com.techdevhub:techdevhub-gateway >------------------
[INFO] Building techdevhub-gateway 0.0.1-SNAPSHOT
[INFO]   from pom.xml
[INFO] --------------------------------[ jar ]---------------------------------
[INFO] 
[INFO] >>> spring-boot:3.5.12:run (default-cli) > test-compile @ techdevhub-gateway >>>
[INFO] 
[INFO] --- resources:3.3.1:resources (default-resources) @ techdevhub-gateway ---
[INFO] Copying 1 resource from src\main\resources to target\classes
[INFO] Copying 0 resource from src\main\resources to target\classes
[INFO] 
[INFO] --- compiler:3.14.1:compile (default-compile) @ techdevhub-gateway ---
[INFO] Nothing to compile - all classes are up to date.
[INFO] 
[INFO] --- resources:3.3.1:testResources (default-testResources) @ techdevhub-gateway ---
[INFO] skip non existing resourceDirectory C:\Users\demons\Documents\TechDevHub\techdevhub-gateway\src\test\resources
[INFO] 
[INFO] --- compiler:3.14.1:testCompile (default-testCompile) @ techdevhub-gateway ---
[INFO] No sources to compile
[INFO] 
[INFO] <<< spring-boot:3.5.12:run (default-cli) < test-compile @ techdevhub-gateway <<<
[INFO] 
[INFO] 
[INFO] --- spring-boot:3.5.12:run (default-cli) @ techdevhub-gateway ---
[INFO] Attaching agents: []

  .   ____          _            __ _ _
 /\\ / ___'_ __ _ _(_)_ __  __ _ \ \ \ \
( ( )\___ | '_ | '_| | '_ \/ _` | \ \ \ \
 \\/  ___)| |_)| | | | | || (_| |  ) ) ) )
  '  |____| .__|_| |_|_| |_\__, | / / / /
 =========|_|==============|___/=/_/_/_/

 :: Spring Boot ::               (v3.5.12)

2026-03-24T19:10:26.924+08:00  INFO 12200 --- [gateway-service] [           main] c.t.g.TechdevhubGatewayApplication       : Starting TechdevhubGatewayApplication using Java 17.0.18 with PID 12200 (C:\Users\demons\Documents\TechDevHub\techdevhub-gateway\target\classes started by demons in C:\Users\demons\Documents\TechDevHub\techdevhub-gateway)
2026-03-24T19:10:26.928+08:00  INFO 12200 --- [gateway-service] [           main] c.t.g.TechdevhubGatewayApplication       : No active profile set, falling back to 1 default profile: "default"
2026-03-24T19:10:27.777+08:00  INFO 12200 --- [gateway-service] [           main] o.s.cloud.context.scope.GenericScope     : BeanFactory id=308849bc-e773-3f44-8620-0e9cc08428a8
2026-03-24T19:10:28.116+08:00  INFO 12200 --- [gateway-service] [           main] o.s.b.w.embedded.tomcat.TomcatWebServer  : Tomcat initialized with port 8090 (http)
2026-03-24T19:10:28.135+08:00  INFO 12200 --- [gateway-service] [           main] o.apache.catalina.core.StandardService   : Starting service [Tomcat]
2026-03-24T19:10:28.136+08:00  INFO 12200 --- [gateway-service] [           main] o.apache.catalina.core.StandardEngine    : Starting Servlet engine: [Apache Tomcat/10.1.52]
2026-03-24T19:10:28.213+08:00  INFO 12200 --- [gateway-service] [           main] o.a.c.c.C.[Tomcat].[localhost].[/]       : Initializing Spring embedded WebApplicationContext
2026-03-24T19:10:28.219+08:00  INFO 12200 --- [gateway-service] [           main] w.s.c.ServletWebServerApplicationContext : Root WebApplicationContext: initialization completed in 1135 ms
2026-03-24T19:10:28.598+08:00  WARN 12200 --- [gateway-service] [           main] ConfigServletWebServerApplicationContext : Exception encountered during context initialization - cancelling refresh attempt: org.springframework.beans.factory.BeanCreationException: Error creating bean with name 'routerFunctionMapping' defined in class path resource [org/springframework/boot/autoconfigure/web/servlet/WebMvcAutoConfiguration$EnableWebMvcConfiguration.class]: Error creating bean with name 'gatewayCompositeRouterFunction': Error creating bean with name 'scopedTarget.gatewayRouterFunctionHolder': Failed to instantiate [org.springframework.cloud.gateway.server.mvc.config.GatewayMvcPropertiesBeanDefinitionRegistrar$RouterFunctionHolder]: Factory method 'routerFunctionHolderSupplier' threw exception with message: Unable to find HandlerFunction for scheme: lb
2026-03-24T19:10:28.598+08:00  INFO 12200 --- [gateway-service] [           main] o.apache.catalina.core.StandardService   : Stopping service [Tomcat]
2026-03-24T19:10:28.607+08:00  WARN 12200 --- [gateway-service] [           main] yServerWebMvcPropertiesMigrationListener : 
The use of configuration keys that have been renamed was found in the environment:

Property source 'Config resource 'class path resource [application.yml]' via location 'optional:classpath:/'':
	Key: spring.cloud.gateway.mvc.routes[0].id
		Line: 10
		Replacement: spring.cloud.gateway.server.webmvc.routes[0].id
	Key: spring.cloud.gateway.mvc.routes[0].uri
		Line: 11
		Replacement: spring.cloud.gateway.server.webmvc.routes[0].uri
	Key: spring.cloud.gateway.mvc.routes[0].predicates[0]
		Line: 13
		Replacement: spring.cloud.gateway.server.webmvc.routes[0].predicates[0]
	Key: spring.cloud.gateway.mvc.routes[1].id
		Line: 14
		Replacement: spring.cloud.gateway.server.webmvc.routes[1].id
	Key: spring.cloud.gateway.mvc.routes[1].uri
		Line: 15
		Replacement: spring.cloud.gateway.server.webmvc.routes[1].uri
	Key: spring.cloud.gateway.mvc.routes[1].predicates[0]
		Line: 17
		Replacement: spring.cloud.gateway.server.webmvc.routes[1].predicates[0]
	Key: spring.cloud.gateway.mvc.routes[2].id
		Line: 18
		Replacement: spring.cloud.gateway.server.webmvc.routes[2].id
	Key: spring.cloud.gateway.mvc.routes[2].uri
		Line: 19
		Replacement: spring.cloud.gateway.server.webmvc.routes[2].uri
	Key: spring.cloud.gateway.mvc.routes[2].predicates[0]
		Line: 21
		Replacement: spring.cloud.gateway.server.webmvc.routes[2].predicates[0]
	Key: spring.cloud.gateway.mvc.routes[3].id
		Line: 22
		Replacement: spring.cloud.gateway.server.webmvc.routes[3].id
	Key: spring.cloud.gateway.mvc.routes[3].uri
		Line: 23
		Replacement: spring.cloud.gateway.server.webmvc.routes[3].uri
	Key: spring.cloud.gateway.mvc.routes[3].predicates[0]
		Line: 25
		Replacement: spring.cloud.gateway.server.webmvc.routes[3].predicates[0]
	Key: spring.cloud.gateway.mvc.routes[4].id
		Line: 26
		Replacement: spring.cloud.gateway.server.webmvc.routes[4].id
	Key: spring.cloud.gateway.mvc.routes[4].uri
		Line: 27
		Replacement: spring.cloud.gateway.server.webmvc.routes[4].uri
	Key: spring.cloud.gateway.mvc.routes[4].predicates[0]
		Line: 29
		Replacement: spring.cloud.gateway.server.webmvc.routes[4].predicates[0]
	Key: spring.cloud.gateway.mvc.routes[5].id
		Line: 30
		Replacement: spring.cloud.gateway.server.webmvc.routes[5].id
	Key: spring.cloud.gateway.mvc.routes[5].uri
		Line: 31
		Replacement: spring.cloud.gateway.server.webmvc.routes[5].uri
	Key: spring.cloud.gateway.mvc.routes[5].predicates[0]
		Line: 33
		Replacement: spring.cloud.gateway.server.webmvc.routes[5].predicates[0]
	Key: spring.cloud.gateway.mvc.routes[6].id
		Line: 34
		Replacement: spring.cloud.gateway.server.webmvc.routes[6].id
	Key: spring.cloud.gateway.mvc.routes[6].uri
		Line: 35
		Replacement: spring.cloud.gateway.server.webmvc.routes[6].uri
	Key: spring.cloud.gateway.mvc.routes[6].predicates[0]
		Line: 37
		Replacement: spring.cloud.gateway.server.webmvc.routes[6].predicates[0]


Each configuration key has been temporarily mapped to its replacement for your convenience. To silence this warning, please update your configuration to use the new keys.

2026-03-24T19:10:28.614+08:00  INFO 12200 --- [gateway-service] [           main] .s.b.a.l.ConditionEvaluationReportLogger : 

Error starting ApplicationContext. To display the condition evaluation report re-run your application with 'debug' enabled.
2026-03-24T19:10:28.627+08:00 ERROR 12200 --- [gateway-service] [           main] o.s.boot.SpringApplication               : Application run failed

org.springframework.beans.factory.BeanCreationException: Error creating bean with name 'routerFunctionMapping' defined in class path resource [org/springframework/boot/autoconfigure/web/servlet/WebMvcAutoConfiguration$EnableWebMvcConfiguration.class]: Error creating bean with name 'gatewayCompositeRouterFunction': Error creating bean with name 'scopedTarget.gatewayRouterFunctionHolder': Failed to instantiate [org.springframework.cloud.gateway.server.mvc.config.GatewayMvcPropertiesBeanDefinitionRegistrar$RouterFunctionHolder]: Factory method 'routerFunctionHolderSupplier' threw exception with message: Unable to find HandlerFunction for scheme: lb
	at org.springframework.beans.factory.support.AbstractAutowireCapableBeanFactory.initializeBean(AbstractAutowireCapableBeanFactory.java:1826) ~[spring-beans-6.2.17.jar:6.2.17]
	at org.springframework.beans.factory.support.AbstractAutowireCapableBeanFactory.doCreateBean(AbstractAutowireCapableBeanFactory.java:607) ~[spring-beans-6.2.17.jar:6.2.17]
	at org.springframework.beans.factory.support.AbstractAutowireCapableBeanFactory.createBean(AbstractAutowireCapableBeanFactory.java:529) ~[spring-beans-6.2.17.jar:6.2.17]
	at org.springframework.beans.factory.support.AbstractBeanFactory.lambda$doGetBean$0(AbstractBeanFactory.java:339) ~[spring-beans-6.2.17.jar:6.2.17]
	at org.springframework.beans.factory.support.DefaultSingletonBeanRegistry.getSingleton(DefaultSingletonBeanRegistry.java:373) ~[spring-beans-6.2.17.jar:6.2.17]
	at org.springframework.beans.factory.support.AbstractBeanFactory.doGetBean(AbstractBeanFactory.java:337) ~[spring-beans-6.2.17.jar:6.2.17]
	at org.springframework.beans.factory.support.AbstractBeanFactory.getBean(AbstractBeanFactory.java:202) ~[spring-beans-6.2.17.jar:6.2.17]
	at org.springframework.beans.factory.support.DefaultListableBeanFactory.instantiateSingleton(DefaultListableBeanFactory.java:1228) ~[spring-beans-6.2.17.jar:6.2.17]
	at org.springframework.beans.factory.support.DefaultListableBeanFactory.preInstantiateSingleton(DefaultListableBeanFactory.java:1194) ~[spring-beans-6.2.17.jar:6.2.17]
	at org.springframework.beans.factory.support.DefaultListableBeanFactory.preInstantiateSingletons(DefaultListableBeanFactory.java:1130) ~[spring-beans-6.2.17.jar:6.2.17]
	at org.springframework.context.support.AbstractApplicationContext.finishBeanFactoryInitialization(AbstractApplicationContext.java:991) ~[spring-context-6.2.17.jar:6.2.17]
	at org.springframework.context.support.AbstractApplicationContext.refresh(AbstractApplicationContext.java:628) ~[spring-context-6.2.17.jar:6.2.17]
	at org.springframework.boot.web.servlet.context.ServletWebServerApplicationContext.refresh(ServletWebServerApplicationContext.java:146) ~[spring-boot-3.5.12.jar:3.5.12]
	at org.springframework.boot.SpringApplication.refresh(SpringApplication.java:752) ~[spring-boot-3.5.12.jar:3.5.12]
	at org.springframework.boot.SpringApplication.refreshContext(SpringApplication.java:439) ~[spring-boot-3.5.12.jar:3.5.12]
	at org.springframework.boot.SpringApplication.run(SpringApplication.java:318) ~[spring-boot-3.5.12.jar:3.5.12]
	at org.springframework.boot.SpringApplication.run(SpringApplication.java:1361) ~[spring-boot-3.5.12.jar:3.5.12]
	at org.springframework.boot.SpringApplication.run(SpringApplication.java:1350) ~[spring-boot-3.5.12.jar:3.5.12]
	at com.techdevhub.gateway.TechdevhubGatewayApplication.main(TechdevhubGatewayApplication.java:10) ~[classes/:na]
Caused by: org.springframework.beans.factory.BeanCreationException: Error creating bean with name 'gatewayCompositeRouterFunction': Error creating bean with name 'scopedTarget.gatewayRouterFunctionHolder': Failed to instantiate [org.springframework.cloud.gateway.server.mvc.config.GatewayMvcPropertiesBeanDefinitionRegistrar$RouterFunctionHolder]: Factory method 'routerFunctionHolderSupplier' threw exception with message: Unable to find HandlerFunction for scheme: lb
	at org.springframework.beans.factory.support.AbstractAutowireCapableBeanFactory.doCreateBean(AbstractAutowireCapableBeanFactory.java:614) ~[spring-beans-6.2.17.jar:6.2.17]
	at org.springframework.beans.factory.support.AbstractAutowireCapableBeanFactory.createBean(AbstractAutowireCapableBeanFactory.java:529) ~[spring-beans-6.2.17.jar:6.2.17]
	at org.springframework.beans.factory.support.AbstractBeanFactory.lambda$doGetBean$0(AbstractBeanFactory.java:339) ~[spring-beans-6.2.17.jar:6.2.17]
	at org.springframework.beans.factory.support.DefaultSingletonBeanRegistry.getSingleton(DefaultSingletonBeanRegistry.java:373) ~[spring-beans-6.2.17.jar:6.2.17]
	at org.springframework.beans.factory.support.AbstractBeanFactory.doGetBean(AbstractBeanFactory.java:337) ~[spring-beans-6.2.17.jar:6.2.17]
	at org.springframework.beans.factory.support.AbstractBeanFactory.getBean(AbstractBeanFactory.java:202) ~[spring-beans-6.2.17.jar:6.2.17]
	at org.springframework.beans.factory.support.DefaultListableBeanFactory$1.orderedStream(DefaultListableBeanFactory.java:525) ~[spring-beans-6.2.17.jar:6.2.17]
	at org.springframework.web.servlet.function.support.RouterFunctionMapping.initRouterFunctions(RouterFunctionMapping.java:152) ~[spring-webmvc-6.2.17.jar:6.2.17]
	at org.springframework.web.servlet.function.support.RouterFunctionMapping.afterPropertiesSet(RouterFunctionMapping.java:130) ~[spring-webmvc-6.2.17.jar:6.2.17]
	at org.springframework.beans.factory.support.AbstractAutowireCapableBeanFactory.invokeInitMethods(AbstractAutowireCapableBeanFactory.java:1873) ~[spring-beans-6.2.17.jar:6.2.17]
	at org.springframework.beans.factory.support.AbstractAutowireCapableBeanFactory.initializeBean(AbstractAutowireCapableBeanFactory.java:1822) ~[spring-beans-6.2.17.jar:6.2.17]
	... 18 common frames omitted
Caused by: org.springframework.beans.factory.BeanCreationException: Error creating bean with name 'scopedTarget.gatewayRouterFunctionHolder': Failed to instantiate [org.springframework.cloud.gateway.server.mvc.config.GatewayMvcPropertiesBeanDefinitionRegistrar$RouterFunctionHolder]: Factory method 'routerFunctionHolderSupplier' threw exception with message: Unable to find HandlerFunction for scheme: lb
	at org.springframework.beans.factory.support.ConstructorResolver.instantiate(ConstructorResolver.java:657) ~[spring-beans-6.2.17.jar:6.2.17]
	at org.springframework.beans.factory.support.ConstructorResolver.instantiateUsingFactoryMethod(ConstructorResolver.java:489) ~[spring-beans-6.2.17.jar:6.2.17]
	at org.springframework.beans.factory.support.AbstractAutowireCapableBeanFactory.instantiateUsingFactoryMethod(AbstractAutowireCapableBeanFactory.java:1375) ~[spring-beans-6.2.17.jar:6.2.17]
	at org.springframework.beans.factory.support.AbstractAutowireCapableBeanFactory.createBeanInstance(AbstractAutowireCapableBeanFactory.java:1205) ~[spring-beans-6.2.17.jar:6.2.17]
	at org.springframework.beans.factory.support.AbstractAutowireCapableBeanFactory.doCreateBean(AbstractAutowireCapableBeanFactory.java:569) ~[spring-beans-6.2.17.jar:6.2.17]
	at org.springframework.beans.factory.support.AbstractAutowireCapableBeanFactory.createBean(AbstractAutowireCapableBeanFactory.java:529) ~[spring-beans-6.2.17.jar:6.2.17]
	at org.springframework.beans.factory.support.AbstractBeanFactory.lambda$doGetBean$1(AbstractBeanFactory.java:378) ~[spring-beans-6.2.17.jar:6.2.17]
	at org.springframework.cloud.context.scope.GenericScope$BeanLifecycleWrapper.getBean(GenericScope.java:373) ~[spring-cloud-context-4.3.0.jar:4.3.0]
	at org.springframework.cloud.context.scope.GenericScope.get(GenericScope.java:177) ~[spring-cloud-context-4.3.0.jar:4.3.0]
	at org.springframework.beans.factory.support.AbstractBeanFactory.doGetBean(AbstractBeanFactory.java:375) ~[spring-beans-6.2.17.jar:6.2.17]
	at org.springframework.beans.factory.support.AbstractBeanFactory.getBean(AbstractBeanFactory.java:202) ~[spring-beans-6.2.17.jar:6.2.17]
	at org.springframework.aop.target.SimpleBeanTargetSource.getTarget(SimpleBeanTargetSource.java:35) ~[spring-aop-6.2.17.jar:6.2.17]
	at org.springframework.aop.framework.CglibAopProxy$DynamicAdvisedInterceptor.intercept(CglibAopProxy.java:712) ~[spring-aop-6.2.17.jar:6.2.17]
	at org.springframework.cloud.gateway.server.mvc.config.GatewayMvcPropertiesBeanDefinitionRegistrar$RouterFunctionHolder$$SpringCGLIB$$0.getRouterFunction(<generated>) ~[spring-cloud-gateway-server-mvc-4.3.0.jar:4.3.0]
	at org.springframework.cloud.gateway.server.mvc.config.GatewayMvcPropertiesBeanDefinitionRegistrar$DelegatingRouterFunction.accept(GatewayMvcPropertiesBeanDefinitionRegistrar.java:141) ~[spring-cloud-gateway-server-mvc-4.3.0.jar:4.3.0]
	at org.springframework.cloud.gateway.server.mvc.common.ArgumentSupplierBeanPostProcessor.postProcessBeforeInitialization(ArgumentSupplierBeanPostProcessor.java:52) ~[spring-cloud-gateway-server-mvc-4.3.0.jar:4.3.0]
	at org.springframework.beans.factory.support.AbstractAutowireCapableBeanFactory.applyBeanPostProcessorsBeforeInitialization(AbstractAutowireCapableBeanFactory.java:429) ~[spring-beans-6.2.17.jar:6.2.17]
	at org.springframework.beans.factory.support.AbstractAutowireCapableBeanFactory.initializeBean(AbstractAutowireCapableBeanFactory.java:1818) ~[spring-beans-6.2.17.jar:6.2.17]
	at org.springframework.beans.factory.support.AbstractAutowireCapableBeanFactory.doCreateBean(AbstractAutowireCapableBeanFactory.java:607) ~[spring-beans-6.2.17.jar:6.2.17]
	... 28 common frames omitted
Caused by: org.springframework.beans.BeanInstantiationException: Failed to instantiate [org.springframework.cloud.gateway.server.mvc.config.GatewayMvcPropertiesBeanDefinitionRegistrar$RouterFunctionHolder]: Factory method 'routerFunctionHolderSupplier' threw exception with message: Unable to find HandlerFunction for scheme: lb
	at org.springframework.beans.factory.support.SimpleInstantiationStrategy.lambda$instantiate$0(SimpleInstantiationStrategy.java:200) ~[spring-beans-6.2.17.jar:6.2.17]
	at org.springframework.beans.factory.support.SimpleInstantiationStrategy.instantiateWithFactoryMethod(SimpleInstantiationStrategy.java:89) ~[spring-beans-6.2.17.jar:6.2.17]
	at org.springframework.beans.factory.support.SimpleInstantiationStrategy.instantiate(SimpleInstantiationStrategy.java:169) ~[spring-beans-6.2.17.jar:6.2.17]
	at org.springframework.beans.factory.support.ConstructorResolver.instantiate(ConstructorResolver.java:653) ~[spring-beans-6.2.17.jar:6.2.17]
	... 46 common frames omitted
Caused by: java.lang.IllegalStateException: Unable to find HandlerFunction for scheme: lb
	at org.springframework.cloud.gateway.server.mvc.config.RouterFunctionHolderFactory.getRouterFunction(RouterFunctionHolderFactory.java:227) ~[spring-cloud-gateway-server-mvc-4.3.0.jar:4.3.0]
	at org.springframework.cloud.gateway.server.mvc.config.RouterFunctionHolderFactory.lambda$routerFunctionHolderSupplier$1(RouterFunctionHolderFactory.java:161) ~[spring-cloud-gateway-server-mvc-4.3.0.jar:4.3.0]
	at java.base/java.util.ArrayList.forEach(ArrayList.java:1511) ~[na:na]
	at org.springframework.cloud.gateway.server.mvc.config.RouterFunctionHolderFactory.routerFunctionHolderSupplier(RouterFunctionHolderFactory.java:160) ~[spring-cloud-gateway-server-mvc-4.3.0.jar:4.3.0]
	at java.base/jdk.internal.reflect.NativeMethodAccessorImpl.invoke0(Native Method) ~[na:na]
	at java.base/jdk.internal.reflect.NativeMethodAccessorImpl.invoke(NativeMethodAccessorImpl.java:77) ~[na:na]
	at java.base/jdk.internal.reflect.DelegatingMethodAccessorImpl.invoke(DelegatingMethodAccessorImpl.java:43) ~[na:na]
	at java.base/java.lang.reflect.Method.invoke(Method.java:568) ~[na:na]
	at org.springframework.beans.factory.support.SimpleInstantiationStrategy.lambda$instantiate$0(SimpleInstantiationStrategy.java:172) ~[spring-beans-6.2.17.jar:6.2.17]
	... 49 common frames omitted

[INFO] ------------------------------------------------------------------------
[INFO] BUILD FAILURE
[INFO] ------------------------------------------------------------------------
[INFO] Total time:  6.804 s
[INFO] Finished at: 2026-03-24T19:10:29+08:00
[INFO] ------------------------------------------------------------------------
[ERROR] Failed to execute goal org.springframework.boot:spring-boot-maven-plugin:3.5.12:run (default-cli) on project techdevhub-gateway: Process terminated with exit code: 1 -> [Help 1]
[ERROR] 
[ERROR] To see the full stack trace of the errors, re-run Maven with the -e switch.
[ERROR] Re-run Maven using the -X switch to enable full debug logging.
[ERROR] 
[ERROR] For more information about the errors and possible solutions, please read the following articles:
[ERROR] [Help 1] http://cwiki.apache.org/confluence/display/MAVEN/MojoExecutionException
