[INFO] Scanning for projects...
[INFO] 
[INFO] -------------------< com.techdevhub:techdevhub-user >-------------------
[INFO] Building techdevhub-user 0.0.1-SNAPSHOT
[INFO]   from pom.xml
[INFO] --------------------------------[ jar ]---------------------------------
[INFO] 
[INFO] >>> spring-boot:3.5.12:run (default-cli) > test-compile @ techdevhub-user >>>
[INFO] 
[INFO] --- resources:3.3.1:resources (default-resources) @ techdevhub-user ---
[INFO] Copying 1 resource from src\main\resources to target\classes
[INFO] Copying 0 resource from src\main\resources to target\classes
[INFO] 
[INFO] --- compiler:3.14.1:compile (default-compile) @ techdevhub-user ---
[INFO] Nothing to compile - all classes are up to date.
[INFO] 
[INFO] --- resources:3.3.1:testResources (default-testResources) @ techdevhub-user ---
[INFO] skip non existing resourceDirectory C:\Users\demons\Documents\TechDevHub\techdevhub-user\src\test\resources
[INFO] 
[INFO] --- compiler:3.14.1:testCompile (default-testCompile) @ techdevhub-user ---
[INFO] Nothing to compile - all classes are up to date.
[INFO] 
[INFO] <<< spring-boot:3.5.12:run (default-cli) < test-compile @ techdevhub-user <<<
[INFO] 
[INFO] 
[INFO] --- spring-boot:3.5.12:run (default-cli) @ techdevhub-user ---
[INFO] Attaching agents: []

  .   ____          _            __ _ _
 /\\ / ___'_ __ _ _(_)_ __  __ _ \ \ \ \
( ( )\___ | '_ | '_| | '_ \/ _` | \ \ \ \
 \\/  ___)| |_)| | | | | || (_| |  ) ) ) )
  '  |____| .__|_| |_|_| |_\__, | / / / /
 =========|_|==============|___/=/_/_/_/

 :: Spring Boot ::               (v3.5.12)

2026-03-24T19:09:02.848+08:00  INFO 24128 --- [user-service] [           main] c.techdevhub.TechdevhubUserApplication   : Starting TechdevhubUserApplication using Java 17.0.18 with PID 24128 (C:\Users\demons\Documents\TechDevHub\techdevhub-user\target\classes started by demons in C:\Users\demons\Documents\TechDevHub\techdevhub-user)
2026-03-24T19:09:02.852+08:00  INFO 24128 --- [user-service] [           main] c.techdevhub.TechdevhubUserApplication   : No active profile set, falling back to 1 default profile: "default"
2026-03-24T19:09:03.623+08:00  INFO 24128 --- [user-service] [           main] .s.d.r.c.RepositoryConfigurationDelegate : Multiple Spring Data modules found, entering strict repository configuration mode
2026-03-24T19:09:03.623+08:00  INFO 24128 --- [user-service] [           main] .s.d.r.c.RepositoryConfigurationDelegate : Bootstrapping Spring Data Redis repositories in DEFAULT mode.
2026-03-24T19:09:03.644+08:00  INFO 24128 --- [user-service] [           main] .s.d.r.c.RepositoryConfigurationDelegate : Finished Spring Data repository scanning in 6 ms. Found 0 Redis repository interfaces.
2026-03-24T19:09:03.824+08:00  INFO 24128 --- [user-service] [           main] o.s.cloud.context.scope.GenericScope     : BeanFactory id=766ac816-6b38-3a47-ac57-4cfcd71acbcf
2026-03-24T19:09:04.177+08:00  INFO 24128 --- [user-service] [           main] o.s.b.w.embedded.tomcat.TomcatWebServer  : Tomcat initialized with port 8081 (http)
2026-03-24T19:09:04.190+08:00  INFO 24128 --- [user-service] [           main] o.apache.catalina.core.StandardService   : Starting service [Tomcat]
2026-03-24T19:09:04.190+08:00  INFO 24128 --- [user-service] [           main] o.apache.catalina.core.StandardEngine    : Starting Servlet engine: [Apache Tomcat/10.1.52]
2026-03-24T19:09:04.244+08:00  INFO 24128 --- [user-service] [           main] o.a.c.c.C.[Tomcat].[localhost].[/]       : Initializing Spring embedded WebApplicationContext
2026-03-24T19:09:04.244+08:00  INFO 24128 --- [user-service] [           main] w.s.c.ServletWebServerApplicationContext : Root WebApplicationContext: initialization completed in 1350 ms
2026-03-24T19:09:06.036+08:00  INFO 24128 --- [user-service] [           main] o.s.cloud.commons.util.InetUtils         : Cannot determine local hostname
2026-03-24T19:09:07.461+08:00  INFO 24128 --- [user-service] [           main] o.s.cloud.commons.util.InetUtils         : Cannot determine local hostname
2026-03-24T19:09:07.486+08:00  WARN 24128 --- [user-service] [           main] ConfigServletWebServerApplicationContext : Exception encountered during context initialization - cancelling refresh attempt: org.springframework.context.ApplicationContextException: Failed to start bean 'webServerStartStop'
2026-03-24T19:09:07.510+08:00  INFO 24128 --- [user-service] [           main] .s.b.a.l.ConditionEvaluationReportLogger : 

Error starting ApplicationContext. To display the condition evaluation report re-run your application with 'debug' enabled.
2026-03-24T19:09:07.519+08:00 ERROR 24128 --- [user-service] [           main] o.s.b.d.LoggingFailureAnalysisReporter   : 

***************************
APPLICATION FAILED TO START
***************************

Description:

Web server failed to start. Port 8081 was already in use.

Action:

Identify and stop the process that's listening on port 8081 or configure this application to listen on another port.

[INFO] ------------------------------------------------------------------------
[INFO] BUILD FAILURE
[INFO] ------------------------------------------------------------------------
[INFO] Total time:  10.749 s
[INFO] Finished at: 2026-03-24T19:09:08+08:00
[INFO] ------------------------------------------------------------------------
[ERROR] Failed to execute goal org.springframework.boot:spring-boot-maven-plugin:3.5.12:run (default-cli) on project techdevhub-user: Process terminated with exit code: 1 -> [Help 1]
[ERROR] 
[ERROR] To see the full stack trace of the errors, re-run Maven with the -e switch.
[ERROR] Re-run Maven using the -X switch to enable full debug logging.
[ERROR] 
[ERROR] For more information about the errors and possible solutions, please read the following articles:
[ERROR] [Help 1] http://cwiki.apache.org/confluence/display/MAVEN/MojoExecutionException
